#
# There is insufficient memory for the Java Runtime Environment to continue.
# Native memory allocation (malloc) failed to allocate 1048016 bytes for Chunk::new
# Possible reasons:
#   The system is out of physical RAM or swap space
#   The process is running with CompressedOops enabled, and the Java Heap may be blocking the growth of the native heap
# Possible solutions:
#   Reduce memory load on the system
#   Increase physical memory or swap space
#   Check if swap backing store is full
#   Decrease Java heap size (-Xmx/-Xms)
#   Decrease number of Java threads
#   Decrease Java thread stack sizes (-Xss)
#   Set larger code cache with -XX:ReservedCodeCacheSize=
#   JVM is running with Unscaled Compressed Oops mode in which the Java heap is
#     placed in the first 4GB address space. The Java Heap base address is the
#     maximum limit for the native heap growth. Please use -XX:HeapBaseMinAddress
#     to set the Java Heap base and to place the Java Heap above 4GB virtual address.
# This output file may be truncated or incomplete.
#
#  Out of Memory Error (allocation.cpp:389), pid=14728, tid=0x000000000000384c
#
# JRE version: Java(TM) SE Runtime Environment (8.0_291-b10) (build 1.8.0_291-b10)
# Java VM: Java HotSpot(TM) 64-Bit Server VM (25.291-b10 mixed mode windows-amd64 compressed oops)
# Failed to write core dump. Minidumps are not enabled by default on client versions of Windows
#

---------------  T H R E A D  ---------------

Current thread (0x0000025459499000):  JavaThread "C2 CompilerThread0" daemon [_thread_in_native, id=14412, stack(0x000000eff6500000,0x000000eff6600000)]

Stack: [0x000000eff6500000,0x000000eff6600000]
Native frames: (J=compiled Java code, j=interpreted, Vv=VM code, C=native code)
V  [jvm.dll+0x32ea19]
V  [jvm.dll+0x275462]
V  [jvm.dll+0x27610d]
V  [jvm.dll+0x26cb45]
V  [jvm.dll+0xd524c]
V  [jvm.dll+0xd5a4c]
V  [jvm.dll+0x452872]
V  [jvm.dll+0x48dcdd]
V  [jvm.dll+0x442871]
V  [jvm.dll+0x43fae4]
V  [jvm.dll+0x42aa57]
V  [jvm.dll+0xabeeb]
V  [jvm.dll+0xaa54b]
V  [jvm.dll+0x23db02]
V  [jvm.dll+0x29210c]
C  [ucrtbase.dll+0x21bb2]
C  [KERNEL32.DLL+0x17614]
C  [ntdll.dll+0x526a1]


Current CompileTask:
C2:   7841 2492       4       groovy.lang.MetaClassImpl$1MOPIter::methodNameAction (325 bytes)


---------------  P R O C E S S  ---------------

Java Threads: ( => current thread )
  0x000002545d83d800 JavaThread "Cache worker for file content cache (C:\Users\Lenovo\.gradle\caches\6.7\fileContent)" [_thread_blocked, id=8172, stack(0x000000eff8000000,0x000000eff8100000)]
  0x000002545d83c800 JavaThread "jar transforms" [_thread_blocked, id=22220, stack(0x000000eff7f00000,0x000000eff8000000)]
  0x000002545d83c000 JavaThread "Cache worker for execution history cache (C:\Users\Lenovo\.gradle\caches\6.7\executionHistory)" [_thread_blocked, id=25136, stack(0x000000eff7e00000,0x000000eff7f00000)]
  0x000002545d83a800 JavaThread "Cache worker for cache directory md-rule (C:\Users\Lenovo\.gradle\caches\6.7\md-rule)" [_thread_blocked, id=22752, stack(0x000000eff7d00000,0x000000eff7e00000)]
  0x000002545d841000 JavaThread "Cache worker for cache directory md-supplier (C:\Users\Lenovo\.gradle\caches\6.7\md-supplier)" [_thread_blocked, id=13144, stack(0x000000eff7c00000,0x000000eff7d00000)]
  0x000002545d83b000 JavaThread "Cache worker for checksums cache (C:\Users\Lenovo\Desktop\work1\flutter\newtest\android\.gradle\checksums)" [_thread_blocked, id=4204, stack(0x000000eff7b00000,0x000000eff7c00000)]
  0x000002545d83e000 JavaThread "Cache worker for file hash cache (C:\Users\Lenovo\Desktop\work1\flutter\newtest\android\.gradle\6.7\fileHashes)" [_thread_blocked, id=6936, stack(0x000000eff7a00000,0x000000eff7b00000)]
  0x000002545d840800 JavaThread "Cache worker for journal cache (C:\Users\Lenovo\.gradle\caches\journal-1)" [_thread_blocked, id=25152, stack(0x000000eff7900000,0x000000eff7a00000)]
  0x000002545d83f800 JavaThread "File lock request listener" [_thread_in_native, id=24604, stack(0x000000eff7800000,0x000000eff7900000)]
  0x000002545d83f000 JavaThread "Cache worker for file hash cache (C:\Users\Lenovo\.gradle\caches\6.7\fileHashes)" [_thread_blocked, id=2792, stack(0x000000eff7700000,0x000000eff7800000)]
  0x000002545d4ca800 JavaThread "Thread-9" [_thread_blocked, id=21516, stack(0x000000eff7600000,0x000000eff7700000)]
  0x000002545d0cc000 JavaThread "Stdin handler" [_thread_blocked, id=1352, stack(0x000000eff7500000,0x000000eff7600000)]
  0x000002545d4a3000 JavaThread "Asynchronous log dispatcher for DefaultDaemonConnection: socket connection from /127.0.0.1:53433 to /127.0.0.1:53435" [_thread_blocked, id=14440, stack(0x000000eff7400000,0x000000eff7500000)]
  0x000002545d12b800 JavaThread "Daemon worker" [_thread_in_Java, id=24876, stack(0x000000eff7300000,0x000000eff7400000)]
  0x000002545d12a800 JavaThread "Cancel handler" [_thread_blocked, id=420, stack(0x000000eff7200000,0x000000eff7300000)]
  0x000002545d127800 JavaThread "Handler for socket connection from /127.0.0.1:53433 to /127.0.0.1:53435" [_thread_in_native, id=23640, stack(0x000000eff7100000,0x000000eff7200000)]
  0x000002545d126800 JavaThread "Daemon" [_thread_blocked, id=9632, stack(0x000000eff7000000,0x000000eff7100000)]
  0x000002545d072800 JavaThread "Daemon periodic checks" [_thread_blocked, id=25416, stack(0x000000eff6f00000,0x000000eff7000000)]
  0x000002545d087000 JavaThread "Incoming local TCP Connector on port 53433" [_thread_in_native, id=25952, stack(0x000000eff6e00000,0x000000eff6f00000)]
  0x000002545b68c000 JavaThread "Daemon health stats" [_thread_blocked, id=24664, stack(0x000000eff6b00000,0x000000eff6c00000)]
  0x000002545b359000 JavaThread "Service Thread" daemon [_thread_blocked, id=12740, stack(0x000000eff6900000,0x000000eff6a00000)]
  0x00000254594ec000 JavaThread "C1 CompilerThread3" daemon [_thread_blocked, id=26456, stack(0x000000eff6800000,0x000000eff6900000)]
  0x00000254594eb000 JavaThread "C2 CompilerThread2" daemon [_thread_in_native, id=18612, stack(0x000000eff6700000,0x000000eff6800000)]
  0x000002545949e800 JavaThread "C2 CompilerThread1" daemon [_thread_in_native, id=12344, stack(0x000000eff6600000,0x000000eff6700000)]
=>0x0000025459499000 JavaThread "C2 CompilerThread0" daemon [_thread_in_native, id=14412, stack(0x000000eff6500000,0x000000eff6600000)]
  0x0000025459487000 JavaThread "Attach Listener" daemon [_thread_blocked, id=1292, stack(0x000000eff6400000,0x000000eff6500000)]
  0x00000254594e6800 JavaThread "Signal Dispatcher" daemon [_thread_blocked, id=10580, stack(0x000000eff6300000,0x000000eff6400000)]
  0x0000025459470000 JavaThread "Finalizer" daemon [_thread_blocked, id=12356, stack(0x000000eff6200000,0x000000eff6300000)]
  0x000002545945f000 JavaThread "Reference Handler" daemon [_thread_blocked, id=22160, stack(0x000000eff6100000,0x000000eff6200000)]
  0x000002544442f800 JavaThread "main" [_thread_blocked, id=664, stack(0x000000eff5700000,0x000000eff5800000)]

Other Threads:
  0x0000025459437000 VMThread [stack: 0x000000eff6000000,0x000000eff6100000] [id=25652]
  0x000002545b385000 WatcherThread [stack: 0x000000eff6a00000,0x000000eff6b00000] [id=25060]

VM state:not at safepoint (normal execution)

VM Mutex/Monitor currently owned by a thread: None

heap address: 0x00000000a0000000, size: 1536 MB, Compressed Oops mode: 32-bit
Narrow klass base: 0x0000000000000000, Narrow klass shift: 3
Compressed class space size: 1073741824 Address: 0x0000000100000000

Heap:
 PSYoungGen      total 75776K, used 51087K [0x00000000e0000000, 0x00000000e5700000, 0x0000000100000000)
  eden space 65536K, 65% used [0x00000000e0000000,0x00000000e29d0688,0x00000000e4000000)
  from space 10240K, 80% used [0x00000000e4b00000,0x00000000e53136d0,0x00000000e5500000)
  to   space 11264K, 0% used [0x00000000e4000000,0x00000000e4000000,0x00000000e4b00000)
 ParOldGen       total 53248K, used 7510K [0x00000000a0000000, 0x00000000a3400000, 0x00000000e0000000)
  object space 53248K, 14% used [0x00000000a0000000,0x00000000a0755a38,0x00000000a3400000)
 Metaspace       used 31439K, capacity 32282K, committed 32384K, reserved 1077248K
  class space    used 4417K, capacity 4638K, committed 4736K, reserved 1048576K

Card table byte_map: [0x00000254551e0000,0x00000254554f0000] byte_map_base: 0x0000025454ce0000

Marking Bits: (ParMarkBitMap*) 0x0000000051a17fe0
 Begin Bits: [0x00000254556f0000, 0x0000025456ef0000)
 End Bits:   [0x0000025456ef0000, 0x00000254586f0000)

Polling page: 0x0000025445df0000

CodeCache: size=245760Kb used=10143Kb max_used=10146Kb free=235616Kb
 bounds [0x0000025445e20000, 0x0000025446820000, 0x0000025454e20000]
 total_blobs=3345 nmethods=2646 adapters=608
 compilation: enabled

Compilation events (10 events):
Event: 7.778 Thread 0x00000254594ec000 2625       3       org.gradle.internal.service.RelevantMethods::toServiceMethodList (61 bytes)
Event: 7.778 Thread 0x00000254594ec000 nmethod 2625 0x00000254467f2950 code [0x00000254467f2b80, 0x00000254467f37d0]
Event: 7.786 Thread 0x00000254594ec000 2626       3       java.lang.Class::copyConstructors (38 bytes)
Event: 7.788 Thread 0x00000254594ec000 nmethod 2626 0x00000254467f3e10 code [0x00000254467f4020, 0x00000254467f4af0]
Event: 7.797 Thread 0x00000254594ec000 2627   !   3       org.gradle.internal.classloader.TransformingClassLoader::findClass (203 bytes)
Event: 7.800 Thread 0x00000254594ec000 nmethod 2627 0x00000254467f5010 code [0x00000254467f5520, 0x00000254467f8680]
Event: 7.802 Thread 0x00000254594ec000 2629       3       sun.reflect.generics.parser.SignatureParser::parseZeroOrMoreTypeSignatures (174 bytes)
Event: 7.803 Thread 0x00000254594ec000 nmethod 2629 0x00000254467fa850 code [0x00000254467faa80, 0x00000254467fb680]
Event: 7.803 Thread 0x00000254594ec000 2628       3       sun.reflect.generics.parser.SignatureParser::parseFormalParameters (47 bytes)
Event: 7.804 Thread 0x00000254594ec000 nmethod 2628 0x00000254467dedd0 code [0x00000254467defa0, 0x00000254467df310]

GC Heap History (10 events):
Event: 5.257 GC heap before
{Heap before GC invocations=5 (full 0):
 PSYoungGen      total 38400K, used 38400K [0x00000000e0000000, 0x00000000e4b00000, 0x0000000100000000)
  eden space 33280K, 100% used [0x00000000e0000000,0x00000000e2080000,0x00000000e2080000)
  from space 5120K, 100% used [0x00000000e2580000,0x00000000e2a80000,0x00000000e2a80000)
  to   space 5120K, 0% used [0x00000000e2080000,0x00000000e2080000,0x00000000e2580000)
 ParOldGen       total 87552K, used 4307K [0x00000000a0000000, 0x00000000a5580000, 0x00000000e0000000)
  object space 87552K, 4% used [0x00000000a0000000,0x00000000a0434fc8,0x00000000a5580000)
 Metaspace       used 17105K, capacity 17690K, committed 17792K, reserved 1064960K
  class space    used 2479K, capacity 2651K, committed 2688K, reserved 1048576K
Event: 5.276 GC heap after
Heap after GC invocations=5 (full 0):
 PSYoungGen      total 38400K, used 5104K [0x00000000e0000000, 0x00000000e5500000, 0x0000000100000000)
  eden space 33280K, 0% used [0x00000000e0000000,0x00000000e0000000,0x00000000e2080000)
  from space 5120K, 99% used [0x00000000e2080000,0x00000000e257c030,0x00000000e2580000)
  to   space 10240K, 0% used [0x00000000e4b00000,0x00000000e4b00000,0x00000000e5500000)
 ParOldGen       total 87552K, used 7164K [0x00000000a0000000, 0x00000000a5580000, 0x00000000e0000000)
  object space 87552K, 8% used [0x00000000a0000000,0x00000000a06ff210,0x00000000a5580000)
 Metaspace       used 17105K, capacity 17690K, committed 17792K, reserved 1064960K
  class space    used 2479K, capacity 2651K, committed 2688K, reserved 1048576K
}
Event: 5.949 GC heap before
{Heap before GC invocations=6 (full 0):
 PSYoungGen      total 38400K, used 38384K [0x00000000e0000000, 0x00000000e5500000, 0x0000000100000000)
  eden space 33280K, 100% used [0x00000000e0000000,0x00000000e2080000,0x00000000e2080000)
  from space 5120K, 99% used [0x00000000e2080000,0x00000000e257c030,0x00000000e2580000)
  to   space 10240K, 0% used [0x00000000e4b00000,0x00000000e4b00000,0x00000000e5500000)
 ParOldGen       total 87552K, used 7164K [0x00000000a0000000, 0x00000000a5580000, 0x00000000e0000000)
  object space 87552K, 8% used [0x00000000a0000000,0x00000000a06ff210,0x00000000a5580000)
 Metaspace       used 19991K, capacity 20602K, committed 20864K, reserved 1067008K
  class space    used 2916K, capacity 3073K, committed 3200K, reserved 1048576K
Event: 5.966 GC heap after
Heap after GC invocations=6 (full 0):
 PSYoungGen      total 75776K, used 8734K [0x00000000e0000000, 0x00000000e5700000, 0x0000000100000000)
  eden space 65536K, 0% used [0x00000000e0000000,0x00000000e0000000,0x00000000e4000000)
  from space 10240K, 85% used [0x00000000e4b00000,0x00000000e53878e8,0x00000000e5500000)
  to   space 11264K, 0% used [0x00000000e4000000,0x00000000e4000000,0x00000000e4b00000)
 ParOldGen       total 87552K, used 7172K [0x00000000a0000000, 0x00000000a5580000, 0x00000000e0000000)
  object space 87552K, 8% used [0x00000000a0000000,0x00000000a0701210,0x00000000a5580000)
 Metaspace       used 19991K, capacity 20602K, committed 20864K, reserved 1067008K
  class space    used 2916K, capacity 3073K, committed 3200K, reserved 1048576K
}
Event: 6.126 GC heap before
{Heap before GC invocations=7 (full 0):
 PSYoungGen      total 75776K, used 20271K [0x00000000e0000000, 0x00000000e5700000, 0x0000000100000000)
  eden space 65536K, 17% used [0x00000000e0000000,0x00000000e0b446e0,0x00000000e4000000)
  from space 10240K, 85% used [0x00000000e4b00000,0x00000000e53878e8,0x00000000e5500000)
  to   space 11264K, 0% used [0x00000000e4000000,0x00000000e4000000,0x00000000e4b00000)
 ParOldGen       total 87552K, used 7172K [0x00000000a0000000, 0x00000000a5580000, 0x00000000e0000000)
  object space 87552K, 8% used [0x00000000a0000000,0x00000000a0701210,0x00000000a5580000)
 Metaspace       used 20562K, capacity 21146K, committed 21296K, reserved 1067008K
  class space    used 3006K, capacity 3169K, committed 3200K, reserved 1048576K
Event: 6.134 GC heap after
Heap after GC invocations=7 (full 0):
 PSYoungGen      total 76800K, used 4410K [0x00000000e0000000, 0x00000000e5700000, 0x0000000100000000)
  eden space 65536K, 0% used [0x00000000e0000000,0x00000000e0000000,0x00000000e4000000)
  from space 11264K, 39% used [0x00000000e4000000,0x00000000e444e8d0,0x00000000e4b00000)
  to   space 10240K, 0% used [0x00000000e4b00000,0x00000000e4b00000,0x00000000e5500000)
 ParOldGen       total 87552K, used 9572K [0x00000000a0000000, 0x00000000a5580000, 0x00000000e0000000)
  object space 87552K, 10% used [0x00000000a0000000,0x00000000a0959260,0x00000000a5580000)
 Metaspace       used 20562K, capacity 21146K, committed 21296K, reserved 1067008K
  class space    used 3006K, capacity 3169K, committed 3200K, reserved 1048576K
}
Event: 6.134 GC heap before
{Heap before GC invocations=8 (full 1):
 PSYoungGen      total 76800K, used 4410K [0x00000000e0000000, 0x00000000e5700000, 0x0000000100000000)
  eden space 65536K, 0% used [0x00000000e0000000,0x00000000e0000000,0x00000000e4000000)
  from space 11264K, 39% used [0x00000000e4000000,0x00000000e444e8d0,0x00000000e4b00000)
  to   space 10240K, 0% used [0x00000000e4b00000,0x00000000e4b00000,0x00000000e5500000)
 ParOldGen       total 87552K, used 9572K [0x00000000a0000000, 0x00000000a5580000, 0x00000000e0000000)
  object space 87552K, 10% used [0x00000000a0000000,0x00000000a0959260,0x00000000a5580000)
 Metaspace       used 20562K, capacity 21146K, committed 21296K, reserved 1067008K
  class space    used 3006K, capacity 3169K, committed 3200K, reserved 1048576K
Event: 6.187 GC heap after
Heap after GC invocations=8 (full 1):
 PSYoungGen      total 76800K, used 0K [0x00000000e0000000, 0x00000000e5700000, 0x0000000100000000)
  eden space 65536K, 0% used [0x00000000e0000000,0x00000000e0000000,0x00000000e4000000)
  from space 11264K, 0% used [0x00000000e4000000,0x00000000e4000000,0x00000000e4b00000)
  to   space 10240K, 0% used [0x00000000e4b00000,0x00000000e4b00000,0x00000000e5500000)
 ParOldGen       total 53248K, used 7502K [0x00000000a0000000, 0x00000000a3400000, 0x00000000e0000000)
  object space 53248K, 14% used [0x00000000a0000000,0x00000000a0753a38,0x00000000a3400000)
 Metaspace       used 20562K, capacity 21146K, committed 21296K, reserved 1067008K
  class space    used 3006K, capacity 3169K, committed 3200K, reserved 1048576K
}
Event: 7.180 GC heap before
{Heap before GC invocations=9 (full 1):
 PSYoungGen      total 76800K, used 65536K [0x00000000e0000000, 0x00000000e5700000, 0x0000000100000000)
  eden space 65536K, 100% used [0x00000000e0000000,0x00000000e4000000,0x00000000e4000000)
  from space 11264K, 0% used [0x00000000e4000000,0x00000000e4000000,0x00000000e4b00000)
  to   space 10240K, 0% used [0x00000000e4b00000,0x00000000e4b00000,0x00000000e5500000)
 ParOldGen       total 53248K, used 7502K [0x00000000a0000000, 0x00000000a3400000, 0x00000000e0000000)
  object space 53248K, 14% used [0x00000000a0000000,0x00000000a0753a38,0x00000000a3400000)
 Metaspace       used 28459K, capacity 29284K, committed 29440K, reserved 1075200K
  class space    used 4089K, capacity 4338K, committed 4352K, reserved 1048576K
Event: 7.187 GC heap after
Heap after GC invocations=9 (full 1):
 PSYoungGen      total 75776K, used 8269K [0x00000000e0000000, 0x00000000e5700000, 0x0000000100000000)
  eden space 65536K, 0% used [0x00000000e0000000,0x00000000e0000000,0x00000000e4000000)
  from space 10240K, 80% used [0x00000000e4b00000,0x00000000e53136d0,0x00000000e5500000)
  to   space 11264K, 0% used [0x00000000e4000000,0x00000000e4000000,0x00000000e4b00000)
 ParOldGen       total 53248K, used 7510K [0x00000000a0000000, 0x00000000a3400000, 0x00000000e0000000)
  object space 53248K, 14% used [0x00000000a0000000,0x00000000a0755a38,0x00000000a3400000)
 Metaspace       used 28459K, capacity 29284K, committed 29440K, reserved 1075200K
  class space    used 4089K, capacity 4338K, committed 4352K, reserved 1048576K
}

Deoptimization events (10 events):
Event: 7.188 Thread 0x000002545945f000 Uncommon trap: reason=unstable_if action=reinterpret pc=0x000002544637be50 method=java.lang.ref.Reference.tryHandlePending(Z)Z @ 104
Event: 7.301 Thread 0x000002545d12b800 Uncommon trap: reason=unstable_if action=reinterpret pc=0x00000254463f9444 method=java.net.URLClassLoader.defineClass(Ljava/lang/String;Lsun/misc/Resource;)Ljava/lang/Class; @ 21
Event: 7.303 Thread 0x000002545d12b800 Uncommon trap: reason=unstable_if action=reinterpret pc=0x00000254463379f0 method=java.lang.ClassLoader.getClassLoadingLock(Ljava/lang/String;)Ljava/lang/Object; @ 6
Event: 7.511 Thread 0x000002545d12b800 Uncommon trap: reason=unstable_if action=reinterpret pc=0x0000025446460864 method=java.net.URLClassLoader.defineClass(Ljava/lang/String;Lsun/misc/Resource;)Ljava/lang/Class; @ 21
Event: 7.515 Thread 0x000002545d12b800 Uncommon trap: reason=class_check action=maybe_recompile pc=0x00000254465ab674 method=java.util.WeakHashMap.eq(Ljava/lang/Object;Ljava/lang/Object;)Z @ 7
Event: 7.672 Thread 0x000002545d12b800 Uncommon trap: reason=unstable_if action=reinterpret pc=0x00000254467812b8 method=org.codehaus.groovy.runtime.metaclass.MetaMethodIndex.addMethodToList(Ljava/lang/Object;Lgroovy/lang/MetaMethod;)Ljava/lang/Object; @ 226
Event: 7.681 Thread 0x000002545d12b800 Uncommon trap: reason=class_check action=maybe_recompile pc=0x00000254465ab674 method=java.util.WeakHashMap.eq(Ljava/lang/Object;Ljava/lang/Object;)Z @ 7
Event: 7.682 Thread 0x000002545d12b800 Uncommon trap: reason=class_check action=maybe_recompile pc=0x00000254465ab674 method=java.util.WeakHashMap.eq(Ljava/lang/Object;Ljava/lang/Object;)Z @ 7
Event: 7.689 Thread 0x000002545d12b800 Uncommon trap: reason=unstable_if action=reinterpret pc=0x0000025446442fc8 method=java.io.WinNTFileSystem.normalize(Ljava/lang/String;II)Ljava/lang/String; @ 103
Event: 7.690 Thread 0x000002545d12b800 Uncommon trap: reason=unstable_if action=reinterpret pc=0x00000254460b2fb8 method=java.io.WinNTFileSystem.normalize(Ljava/lang/String;II)Ljava/lang/String; @ 103

Classes redefined (0 events):
No events

Internal exceptions (10 events):
Event: 7.665 Thread 0x000002545d12b800 Exception <a 'java/lang/ClassNotFoundException': org/apache/groovy/json/internal/LazyMapBeanInfo> (0x00000000e1c8f530) thrown at [C:\jenkins\workspace\8-2-build-windows-amd64-cygwin\jdk8u291\1294\hotspot\src\share\vm\classfile\systemDictionary.cpp, line 2
Event: 7.665 Thread 0x000002545d12b800 Exception <a 'java/lang/ClassNotFoundException': java/util/AbstractMapBeanInfo> (0x00000000e1c93200) thrown at [C:\jenkins\workspace\8-2-build-windows-amd64-cygwin\jdk8u291\1294\hotspot\src\share\vm\classfile\systemDictionary.cpp, line 212]
Event: 7.665 Thread 0x000002545d12b800 Exception <a 'java/lang/ClassNotFoundException': java/util/AbstractMapCustomizer> (0x00000000e1c96f88) thrown at [C:\jenkins\workspace\8-2-build-windows-amd64-cygwin\jdk8u291\1294\hotspot\src\share\vm\classfile\systemDictionary.cpp, line 212]
Event: 7.666 Thread 0x000002545d12b800 Exception <a 'java/lang/ClassNotFoundException': org/apache/groovy/json/internal/LazyMapCustomizer> (0x00000000e1cb3850) thrown at [C:\jenkins\workspace\8-2-build-windows-amd64-cygwin\jdk8u291\1294\hotspot\src\share\vm\classfile\systemDictionary.cpp, line
Event: 7.679 Thread 0x000002545d12b800 Exception <a 'java/lang/ClassNotFoundException': java/util/ArrayListBeanInfo> (0x00000000e1df0d28) thrown at [C:\jenkins\workspace\8-2-build-windows-amd64-cygwin\jdk8u291\1294\hotspot\src\share\vm\classfile\systemDictionary.cpp, line 212]
Event: 7.679 Thread 0x000002545d12b800 Exception <a 'java/lang/ClassNotFoundException': java/util/AbstractListBeanInfo> (0x00000000e1df4a08) thrown at [C:\jenkins\workspace\8-2-build-windows-amd64-cygwin\jdk8u291\1294\hotspot\src\share\vm\classfile\systemDictionary.cpp, line 212]
Event: 7.679 Thread 0x000002545d12b800 Exception <a 'java/lang/ClassNotFoundException': java/util/AbstractCollectionBeanInfo> (0x00000000e1df87b0) thrown at [C:\jenkins\workspace\8-2-build-windows-amd64-cygwin\jdk8u291\1294\hotspot\src\share\vm\classfile\systemDictionary.cpp, line 212]
Event: 7.680 Thread 0x000002545d12b800 Exception <a 'java/lang/ClassNotFoundException': java/util/AbstractCollectionCustomizer> (0x00000000e1dfc778) thrown at [C:\jenkins\workspace\8-2-build-windows-amd64-cygwin\jdk8u291\1294\hotspot\src\share\vm\classfile\systemDictionary.cpp, line 212]
Event: 7.680 Thread 0x000002545d12b800 Exception <a 'java/lang/ClassNotFoundException': java/util/AbstractListCustomizer> (0x00000000e1e0af00) thrown at [C:\jenkins\workspace\8-2-build-windows-amd64-cygwin\jdk8u291\1294\hotspot\src\share\vm\classfile\systemDictionary.cpp, line 212]
Event: 7.682 Thread 0x000002545d12b800 Exception <a 'java/lang/ClassNotFoundException': java/util/ArrayListCustomizer> (0x00000000e1e1c658) thrown at [C:\jenkins\workspace\8-2-build-windows-amd64-cygwin\jdk8u291\1294\hotspot\src\share\vm\classfile\systemDictionary.cpp, line 212]

Events (10 events):
Event: 7.803 loading class org/gradle/api/internal/tasks/DefaultTaskContainerFactory
Event: 7.803 loading class org/gradle/api/internal/tasks/DefaultTaskContainerFactory done
Event: 7.804 loading class org/gradle/api/internal/tasks/DefaultTaskContainer
Event: 7.804 loading class org/gradle/api/internal/tasks/DefaultTaskContainer done
Event: 7.806 loading class org/gradle/api/internal/tasks/DefaultTaskCollection
Event: 7.806 loading class org/gradle/api/internal/tasks/DefaultTaskCollection done
Event: 7.808 loading class org/gradle/model/internal/core/ModelReference
Event: 7.808 loading class org/gradle/model/internal/core/ModelReference done
Event: 7.808 loading class org/gradle/model/internal/core/ModelNode$State
Event: 7.808 loading class org/gradle/model/internal/core/ModelNode$State done


Dynamic libraries:
0x00007ff7af610000 - 0x00007ff7af657000 	D:\Program Files\Java\jdk1.8.0_291\bin\java.exe
0x00007ffc3c050000 - 0x00007ffc3c248000 	C:\WINDOWS\SYSTEM32\ntdll.dll
0x00007ffc3a950000 - 0x00007ffc3aa0f000 	C:\WINDOWS\System32\KERNEL32.DLL
0x00007ffc39ae0000 - 0x00007ffc39db2000 	C:\WINDOWS\System32\KERNELBASE.dll
0x00007ffc3aae0000 - 0x00007ffc3ab8e000 	C:\WINDOWS\System32\ADVAPI32.dll
0x00007ffc3be00000 - 0x00007ffc3be9e000 	C:\WINDOWS\System32\msvcrt.dll
0x00007ffc3bea0000 - 0x00007ffc3bf3c000 	C:\WINDOWS\System32\sechost.dll
0x00007ffc3b1e0000 - 0x00007ffc3b305000 	C:\WINDOWS\System32\RPCRT4.dll
0x00007ffc3a7a0000 - 0x00007ffc3a941000 	C:\WINDOWS\System32\USER32.dll
0x00007ffc39fb0000 - 0x00007ffc39fd2000 	C:\WINDOWS\System32\win32u.dll
0x00007ffc3ba60000 - 0x00007ffc3ba8b000 	C:\WINDOWS\System32\GDI32.dll
0x00007ffc39740000 - 0x00007ffc3984f000 	C:\WINDOWS\System32\gdi32full.dll
0x00007ffc39850000 - 0x00007ffc398ed000 	C:\WINDOWS\System32\msvcp_win.dll
0x00007ffc398f0000 - 0x00007ffc399f0000 	C:\WINDOWS\System32\ucrtbase.dll
0x00007ffc22f20000 - 0x00007ffc231ba000 	C:\WINDOWS\WinSxS\amd64_microsoft.windows.common-controls_6595b64144ccf1df_6.0.19041.1110_none_60b5254171f9507e\COMCTL32.dll
0x00007ffc3a090000 - 0x00007ffc3a0c2000 	C:\WINDOWS\System32\IMM32.DLL
0x00007ffc1ac20000 - 0x00007ffc1ac35000 	D:\Program Files\Java\jdk1.8.0_291\jre\bin\vcruntime140.dll
0x00007ffc195d0000 - 0x00007ffc1966b000 	D:\Program Files\Java\jdk1.8.0_291\jre\bin\msvcp140.dll
0x0000000051230000 - 0x0000000051a90000 	D:\Program Files\Java\jdk1.8.0_291\jre\bin\server\jvm.dll
0x00007ffc3baf0000 - 0x00007ffc3baf8000 	C:\WINDOWS\System32\PSAPI.DLL
0x00007ffc28280000 - 0x00007ffc28289000 	C:\WINDOWS\SYSTEM32\WSOCK32.dll
0x00007ffc32d90000 - 0x00007ffc32d9a000 	C:\WINDOWS\SYSTEM32\VERSION.dll
0x00007ffc1b3d0000 - 0x00007ffc1b3f7000 	C:\WINDOWS\SYSTEM32\WINMM.dll
0x00007ffc3bf40000 - 0x00007ffc3bfab000 	C:\WINDOWS\System32\WS2_32.dll
0x00007ffc37f90000 - 0x00007ffc37fa2000 	C:\WINDOWS\SYSTEM32\kernel.appcore.dll
0x00007ffc1d060000 - 0x00007ffc1d070000 	D:\Program Files\Java\jdk1.8.0_291\jre\bin\verify.dll
0x00007ffc19310000 - 0x00007ffc1933b000 	D:\Program Files\Java\jdk1.8.0_291\jre\bin\java.dll
0x00007ffc192f0000 - 0x00007ffc19308000 	D:\Program Files\Java\jdk1.8.0_291\jre\bin\zip.dll
0x00007ffc3b310000 - 0x00007ffc3ba54000 	C:\WINDOWS\System32\SHELL32.dll
0x00007ffc377e0000 - 0x00007ffc37f72000 	C:\WINDOWS\SYSTEM32\windows.storage.dll
0x00007ffc3ab90000 - 0x00007ffc3aee5000 	C:\WINDOWS\System32\combase.dll
0x00007ffc391a0000 - 0x00007ffc391d0000 	C:\WINDOWS\SYSTEM32\Wldp.dll
0x00007ffc3a690000 - 0x00007ffc3a73d000 	C:\WINDOWS\System32\SHCORE.dll
0x00007ffc3bd90000 - 0x00007ffc3bde5000 	C:\WINDOWS\System32\shlwapi.dll
0x00007ffc39680000 - 0x00007ffc3969f000 	C:\WINDOWS\SYSTEM32\profapi.dll
0x00007ffc13aa0000 - 0x00007ffc13abc000 	D:\Program Files\Java\jdk1.8.0_291\jre\bin\net.dll
0x00007ffc38f00000 - 0x00007ffc38f6a000 	C:\WINDOWS\system32\mswsock.dll
0x00007ffc2a4f0000 - 0x00007ffc2a503000 	D:\Program Files\Java\jdk1.8.0_291\jre\bin\nio.dll
0x00007ffc32500000 - 0x00007ffc32527000 	C:\Users\Lenovo\.gradle\native\fdc75f09e3144964f2cf3f50f0aa648679c211496f362492102eb8c894070792\windows-amd64\native-platform.dll
0x00007ffbdc860000 - 0x00007ffbdc9f6000 	C:\Users\Lenovo\.gradle\native\12488b8bf47d2d4c9fbf2f6322a914ad602e24e48041cd04a747c6da556b65c4\windows-amd64\native-platform-file-events.dll
0x00007ffc2a590000 - 0x00007ffc2a59d000 	D:\Program Files\Java\jdk1.8.0_291\jre\bin\management.dll
0x00007ffc390f0000 - 0x00007ffc39108000 	C:\WINDOWS\SYSTEM32\CRYPTSP.dll
0x00007ffc387b0000 - 0x00007ffc387e4000 	C:\WINDOWS\system32\rsaenh.dll
0x00007ffc39a40000 - 0x00007ffc39a67000 	C:\WINDOWS\System32\bcrypt.dll
0x00007ffc39640000 - 0x00007ffc3966e000 	C:\WINDOWS\SYSTEM32\USERENV.dll
0x00007ffc39f20000 - 0x00007ffc39fa2000 	C:\WINDOWS\System32\bcryptprimitives.dll
0x00007ffc39110000 - 0x00007ffc3911c000 	C:\WINDOWS\SYSTEM32\CRYPTBASE.dll
0x00007ffc38ba0000 - 0x00007ffc38bdb000 	C:\WINDOWS\SYSTEM32\IPHLPAPI.DLL
0x00007ffc3bdf0000 - 0x00007ffc3bdf8000 	C:\WINDOWS\System32\NSI.dll
0x00007ffc31c60000 - 0x00007ffc31c77000 	C:\WINDOWS\SYSTEM32\dhcpcsvc6.DLL
0x00007ffc31c40000 - 0x00007ffc31c5d000 	C:\WINDOWS\SYSTEM32\dhcpcsvc.DLL
0x00007ffc38bf0000 - 0x00007ffc38cba000 	C:\WINDOWS\SYSTEM32\DNSAPI.dll
0x00007ffc31e00000 - 0x00007ffc31e0b000 	C:\WINDOWS\SYSTEM32\WINNSI.DLL
0x00007ffc37500000 - 0x00007ffc376e4000 	C:\WINDOWS\SYSTEM32\dbghelp.dll

VM Arguments:
jvm_args: -Xmx1536M -Dfile.encoding=x-windows-874 -Duser.country=US -Duser.language=en -Duser.variant 
java_command: org.gradle.launcher.daemon.bootstrap.GradleDaemon 6.7
java_class_path (initial): C:\Users\Lenovo\.gradle\wrapper\dists\gradle-6.7-all\cuy9mc7upwgwgeb72wkcrupxe\gradle-6.7\lib\gradle-launcher-6.7.jar
Launcher Type: SUN_STANDARD

Environment Variables:
JAVA_HOME=D:\Program Files\Java\jdk1.8.0_291
JRE_HOME=D:\Program Files\Java\New folder
CLASSPATH=C:\Users\Lenovo\Desktop\work1\flutter\newtest\android\\gradle\wrapper\gradle-wrapper.jar
PATH=C:\Python311\Scripts\;C:\Python311\;D:\WinAVR-20100110\bin;D:\WinAVR-20100110\utils\bin;C:\Program Files (x86)\Common Files\Oracle\Java\javapath;C:\Windows\system32;C:\Windows;C:\Windows\System32\Wbem;C:\Windows\System32\WindowsPowerShell\v1.0\;C:\Windows\System32\OpenSSH\;C:\Program Files (x86)\NVIDIA Corporation\PhysX\Common;C:\Program Files\NVIDIA Corporation\NVIDIA NvDLISR;C:\Program Files\PuTTY\;C:\Program Files\Microchip\xc8\v2.20\bin;C:\WINDOWS\system32;C:\WINDOWS;C:\WINDOWS\System32\Wbem;C:\WINDOWS\System32\WindowsPowerShell\v1.0\;C:\WINDOWS\System32\OpenSSH\;D:\Program Files\mosquitto;C:\Program Files\Git\cmd;D:\Program Files\Java\jdk1.8.0_291\bin;C:\Program Files\Docker\Docker\resources\bin;C:\ProgramData\DockerDesktop\version-bin;D:\Program Files\Amazon\AWSCLIV2\;C:\msys64\mingw64\bin;C:\Users\Lenovo\Downloads\poppler-21.10.0\Library\bin;C:\Program Files\dotnet\;C:\Program Files\Microsoft SQL Server\130\Tools\Binn\;C:\Program Files\Microsoft SQL Server\Client SDK\ODBC\170\Tools\Binn\;C:\Users\Lenovo\Desktop\งาน\c++\tombRaider\lib\x64;C:\Users\Lenovo\Desktop\งาน\c++\tombRaider\lib\x86;D:\Program Files\nodejs\;C:\ProgramData\chocolatey\bin;C:\Users\Lenovo\AppData\Local\Microsoft\WindowsApps;C:\Users\Lenovo\AppData\Local\Programs\Microsoft VS Code\bin;C:\Users\Lenovo\AppData\Local\GitHubDesktop\bin;D:\Program Files\JetBrains\PyCharm 2021.2.3\bin;;D:\Program Files\JetBrains\PyCharm Community Edition 2021.2.3\bin;;D:\flutter\flutter\bin;C:\Users\Lenovo\AppData\Local\Packages\PythonSoftwareFoundation.Python.3.8_qbz5n2kfra8p0\LocalCache\local-packages\Python38\Scripts;D:\xampp\php;C:\Users\Lenovo\.dotnet\tools;D:\msys64\mingw64\bin;D:\Program Files\JetBrains\IntelliJ IDEA Community Edition 2022.2.3\bin;;C:\Users\Lenovo\AppData\Roaming\npm;D:\Program Files\MongoDB\Server\6.0\bin;
USERNAME=Lenovo
OS=Windows_NT
PROCESSOR_IDENTIFIER=Intel64 Family 6 Model 158 Stepping 10, GenuineIntel



---------------  S Y S T E M  ---------------

OS: Windows 10.0 , 64 bit Build 19041 (10.0.19041.2364)

CPU:total 8 (initial active 8) (4 cores per cpu, 2 threads per core) family 6 model 158 stepping 10, cmov, cx8, fxsr, mmx, sse, sse2, sse3, ssse3, sse4.1, sse4.2, popcnt, avx, avx2, aes, clmul, erms, 3dnowpref, lzcnt, ht, tsc, tscinvbit, bmi1, bmi2, adx

Memory: 4k page, physical 8265972k(288332k free), swap 33431796k(16968k free)

vm_info: Java HotSpot(TM) 64-Bit Server VM (25.291-b10) for windows-amd64 JRE (1.8.0_291-b10), built on Apr  9 2021 00:02:00 by "java_re" with MS VC++ 15.9 (VS2017)

time: Fri Jan 20 14:46:06 2023
timezone: SE Asia Standard Time
elapsed time: 7.850000 seconds (0d 0h 0m 7s)

